# JRE version: OpenJDK Runtime Environment (17.0.6) (build 17.0.6+0-b2043.56-10027231)
# Java VM: OpenJDK 64-Bit Server VM (17.0.6+0-b2043.56-10027231, mixed mode, tiered, compressed oops, compressed class ptrs, g1 gc, windows-amd64)
GC Precious Log:
 CPUs: 8 total, 8 available
 Memory: 16106M
 Large Page Support: Disabled
 NUMA Support: Disabled
 Compressed Oops: Enabled (32-bit)
 Heap Region Size: 1M
 Heap Min Capacity: 8M
 Heap Initial Capacity: 252M
 Heap Max Capacity: 2G
 Pre-touch: Disabled
 Parallel Workers: 8
 Concurrent Workers: 2
 Concurrent Refinement Workers: 8
 Periodic GC: Disabled
Heap:
 garbage-first heap   total 134144K, used 95841K [0x0000000080000000, 0x0000000100000000)
  region size 1024K, 43 young (44032K), 6 survivors (6144K)
 Metaspace       used 82627K, committed 83264K, reserved 1122304K
  class space    used 11275K, committed 11584K, reserved 1048576K
GC Heap History (20 events):
Event: 4.081 GC heap before
{Heap before GC invocations=12 (full 0):
 garbage-first heap   total 86016K, used 65026K [0x0000000080000000, 0x0000000100000000)
  region size 1024K, 35 young (35840K), 4 survivors (4096K)
 Metaspace       used 53073K, committed 53504K, reserved 1097728K
  class space    used 7107K, committed 7296K, reserved 1048576K
}
Event: 4.085 GC heap after
{Heap after GC invocations=13 (full 0):
 garbage-first heap   total 86016K, used 36931K [0x0000000080000000, 0x0000000100000000)
  region size 1024K, 5 young (5120K), 5 survivors (5120K)
 Metaspace       used 53073K, committed 53504K, reserved 1097728K
  class space    used 7107K, committed 7296K, reserved 1048576K
}
Event: 4.365 GC heap before
{Heap before GC invocations=13 (full 0):
 garbage-first heap   total 86016K, used 69699K [0x0000000080000000, 0x0000000100000000)
  region size 1024K, 34 young (34816K), 5 survivors (5120K)
 Metaspace       used 55662K, committed 56192K, reserved 1097728K
  class space    used 7450K, committed 7680K, reserved 1048576K
}
Event: 4.370 GC heap after
{Heap after GC invocations=14 (full 0):
 garbage-first heap   total 86016K, used 45271K [0x0000000080000000, 0x0000000100000000)
  region size 1024K, 5 young (5120K), 5 survivors (5120K)
 Metaspace       used 55662K, committed 56192K, reserved 1097728K
  class space    used 7450K, committed 7680K, reserved 1048576K
}
Event: 4.647 GC heap before
{Heap before GC invocations=14 (full 0):
 garbage-first heap   total 86016K, used 66775K [0x0000000080000000, 0x0000000100000000)
  region size 1024K, 26 young (26624K), 5 survivors (5120K)
 Metaspace       used 59291K, committed 59776K, reserved 1105920K
  class space    used 7872K, committed 8128K, reserved 1048576K
}
Event: 4.649 GC heap after
{Heap after GC invocations=15 (full 0):
 garbage-first heap   total 86016K, used 46853K [0x0000000080000000, 0x0000000100000000)
  region size 1024K, 2 young (2048K), 2 survivors (2048K)
 Metaspace       used 59291K, committed 59776K, reserved 1105920K
  class space    used 7872K, committed 8128K, reserved 1048576K
}
Event: 4.974 GC heap before
{Heap before GC invocations=16 (full 0):
 garbage-first heap   total 86016K, used 67333K [0x0000000080000000, 0x0000000100000000)
  region size 1024K, 22 young (22528K), 2 survivors (2048K)
 Metaspace       used 62426K, committed 62976K, reserved 1105920K
  class space    used 8338K, committed 8576K, reserved 1048576K
}
Event: 4.977 GC heap after
{Heap after GC invocations=17 (full 0):
 garbage-first heap   total 86016K, used 47967K [0x0000000080000000, 0x0000000100000000)
  region size 1024K, 3 young (3072K), 3 survivors (3072K)
 Metaspace       used 62426K, committed 62976K, reserved 1105920K
  class space    used 8338K, committed 8576K, reserved 1048576K
}
Event: 5.050 GC heap before
{Heap before GC invocations=17 (full 0):
 garbage-first heap   total 86016K, used 51039K [0x0000000080000000, 0x0000000100000000)
  region size 1024K, 8 young (8192K), 3 survivors (3072K)
 Metaspace       used 63756K, committed 64320K, reserved 1105920K
  class space    used 8482K, committed 8704K, reserved 1048576K
}
Event: 5.052 GC heap after
{Heap after GC invocations=18 (full 0):
 garbage-first heap   total 86016K, used 49018K [0x0000000080000000, 0x0000000100000000)
  region size 1024K, 3 young (3072K), 3 survivors (3072K)
 Metaspace       used 63756K, committed 64320K, reserved 1105920K
  class space    used 8482K, committed 8704K, reserved 1048576K
}
Event: 5.162 GC heap before
{Heap before GC invocations=19 (full 0):
 garbage-first heap   total 111616K, used 73594K [0x0000000080000000, 0x0000000100000000)
  region size 1024K, 21 young (21504K), 3 survivors (3072K)
 Metaspace       used 64575K, committed 65088K, reserved 1105920K
  class space    used 8605K, committed 8832K, reserved 1048576K
}
Event: 5.165 GC heap after
{Heap after GC invocations=20 (full 0):
 garbage-first heap   total 111616K, used 50903K [0x0000000080000000, 0x0000000100000000)
  region size 1024K, 3 young (3072K), 3 survivors (3072K)
 Metaspace       used 64575K, committed 65088K, reserved 1105920K
  class space    used 8605K, committed 8832K, reserved 1048576K
}
Event: 5.187 GC heap before
{Heap before GC invocations=20 (full 0):
 garbage-first heap   total 111616K, used 52951K [0x0000000080000000, 0x0000000100000000)
  region size 1024K, 5 young (5120K), 3 survivors (3072K)
 Metaspace       used 64854K, committed 65344K, reserved 1105920K
  class space    used 8626K, committed 8832K, reserved 1048576K
}
Event: 5.189 GC heap after
{Heap after GC invocations=21 (full 0):
 garbage-first heap   total 134144K, used 51446K [0x0000000080000000, 0x0000000100000000)
  region size 1024K, 1 young (1024K), 1 survivors (1024K)
 Metaspace       used 64854K, committed 65344K, reserved 1105920K
  class space    used 8626K, committed 8832K, reserved 1048576K
}
Event: 5.660 GC heap before
{Heap before GC invocations=21 (full 0):
 garbage-first heap   total 134144K, used 93430K [0x0000000080000000, 0x0000000100000000)
  region size 1024K, 42 young (43008K), 1 survivors (1024K)
 Metaspace       used 69459K, committed 70016K, reserved 1114112K
  class space    used 9257K, committed 9536K, reserved 1048576K
}
Event: 5.662 GC heap after
{Heap after GC invocations=22 (full 0):
 garbage-first heap   total 134144K, used 53461K [0x0000000080000000, 0x0000000100000000)
  region size 1024K, 3 young (3072K), 3 survivors (3072K)
 Metaspace       used 69459K, committed 70016K, reserved 1114112K
  class space    used 9257K, committed 9536K, reserved 1048576K
}
Event: 6.145 GC heap before
{Heap before GC invocations=22 (full 0):
 garbage-first heap   total 134144K, used 96469K [0x0000000080000000, 0x0000000100000000)
  region size 1024K, 45 young (46080K), 3 survivors (3072K)
 Metaspace       used 73818K, committed 74432K, reserved 1114112K
  class space    used 9828K, committed 10112K, reserved 1048576K
}
Event: 6.153 GC heap after
{Heap after GC invocations=23 (full 0):
 garbage-first heap   total 134144K, used 56442K [0x0000000080000000, 0x0000000100000000)
  region size 1024K, 6 young (6144K), 6 survivors (6144K)
 Metaspace       used 73818K, committed 74432K, reserved 1114112K
  class space    used 9828K, committed 10112K, reserved 1048576K
}
Event: 6.601 GC heap before
{Heap before GC invocations=23 (full 0):
 garbage-first heap   total 134144K, used 100474K [0x0000000080000000, 0x0000000100000000)
  region size 1024K, 49 young (50176K), 6 survivors (6144K)
 Metaspace       used 78849K, committed 79424K, reserved 1122304K
  class space    used 10712K, committed 11008K, reserved 1048576K
}
Event: 6.606 GC heap after
{Heap after GC invocations=24 (full 0):
 garbage-first heap   total 134144K, used 58977K [0x0000000080000000, 0x0000000100000000)
  region size 1024K, 6 young (6144K), 6 survivors (6144K)
 Metaspace       used 78849K, committed 79424K, reserved 1122304K
  class space    used 10712K, committed 11008K, reserved 1048576K
}

