# JRE version: OpenJDK Runtime Environment (17.0.6) (build 17.0.6+0-b2043.56-10027231)
# Java VM: OpenJDK 64-Bit Server VM (17.0.6+0-b2043.56-10027231, mixed mode, tiered, compressed oops, compressed class ptrs, g1 gc, windows-amd64)
GC Precious Log:
 CPUs: 8 total, 8 available
 Memory: 16106M
 Large Page Support: Disabled
 NUMA Support: Disabled
 Compressed Oops: Enabled (32-bit)
 Heap Region Size: 1M
 Heap Min Capacity: 8M
 Heap Initial Capacity: 252M
 Heap Max Capacity: 2G
 Pre-touch: Disabled
 Parallel Workers: 8
 Concurrent Workers: 2
 Concurrent Refinement Workers: 8
 Periodic GC: Disabled
Heap:
 garbage-first heap   total 158720K, used 92084K [0x0000000080000000, 0x0000000100000000)
  region size 1024K, 41 young (41984K), 2 survivors (2048K)
 Metaspace       used 64833K, committed 65344K, reserved 1105920K
  class space    used 8625K, committed 8832K, reserved 1048576K
GC Heap History (20 events):
Event: 1.965 GC heap before
{Heap before GC invocations=5 (full 0):
 garbage-first heap   total 68608K, used 20490K [0x0000000080000000, 0x0000000100000000)
  region size 1024K, 4 young (4096K), 3 survivors (3072K)
 Metaspace       used 26433K, committed 26752K, reserved 1073152K
  class space    used 3488K, committed 3648K, reserved 1048576K
}
Event: 1.967 GC heap after
{Heap after GC invocations=6 (full 0):
 garbage-first heap   total 68608K, used 20562K [0x0000000080000000, 0x0000000100000000)
  region size 1024K, 1 young (1024K), 1 survivors (1024K)
 Metaspace       used 26433K, committed 26752K, reserved 1073152K
  class space    used 3488K, committed 3648K, reserved 1048576K
}
Event: 2.393 GC heap before
{Heap before GC invocations=6 (full 0):
 garbage-first heap   total 68608K, used 47186K [0x0000000080000000, 0x0000000100000000)
  region size 1024K, 27 young (27648K), 1 survivors (1024K)
 Metaspace       used 30566K, committed 30848K, reserved 1081344K
  class space    used 4163K, committed 4288K, reserved 1048576K
}
Event: 2.395 GC heap after
{Heap after GC invocations=7 (full 0):
 garbage-first heap   total 68608K, used 21768K [0x0000000080000000, 0x0000000100000000)
  region size 1024K, 2 young (2048K), 2 survivors (2048K)
 Metaspace       used 30566K, committed 30848K, reserved 1081344K
  class space    used 4163K, committed 4288K, reserved 1048576K
}
Event: 2.781 GC heap before
{Heap before GC invocations=7 (full 0):
 garbage-first heap   total 68608K, used 49416K [0x0000000080000000, 0x0000000100000000)
  region size 1024K, 29 young (29696K), 2 survivors (2048K)
 Metaspace       used 35242K, committed 35648K, reserved 1081344K
  class space    used 4874K, committed 5056K, reserved 1048576K
}
Event: 2.785 GC heap after
{Heap after GC invocations=8 (full 0):
 garbage-first heap   total 68608K, used 23853K [0x0000000080000000, 0x0000000100000000)
  region size 1024K, 4 young (4096K), 4 survivors (4096K)
 Metaspace       used 35242K, committed 35648K, reserved 1081344K
  class space    used 4874K, committed 5056K, reserved 1048576K
}
Event: 2.802 GC heap before
{Heap before GC invocations=8 (full 0):
 garbage-first heap   total 68608K, used 23853K [0x0000000080000000, 0x0000000100000000)
  region size 1024K, 5 young (5120K), 4 survivors (4096K)
 Metaspace       used 35625K, committed 35968K, reserved 1081344K
  class space    used 4883K, committed 5056K, reserved 1048576K
}
Event: 2.805 GC heap after
{Heap after GC invocations=9 (full 0):
 garbage-first heap   total 68608K, used 24301K [0x0000000080000000, 0x0000000100000000)
  region size 1024K, 1 young (1024K), 1 survivors (1024K)
 Metaspace       used 35625K, committed 35968K, reserved 1081344K
  class space    used 4883K, committed 5056K, reserved 1048576K
}
Event: 3.111 GC heap before
{Heap before GC invocations=10 (full 0):
 garbage-first heap   total 68608K, used 49901K [0x0000000080000000, 0x0000000100000000)
  region size 1024K, 27 young (27648K), 1 survivors (1024K)
 Metaspace       used 40382K, committed 40768K, reserved 1089536K
  class space    used 5362K, committed 5504K, reserved 1048576K
}
Event: 3.114 GC heap after
{Heap after GC invocations=11 (full 0):
 garbage-first heap   total 68608K, used 27632K [0x0000000080000000, 0x0000000100000000)
  region size 1024K, 4 young (4096K), 4 survivors (4096K)
 Metaspace       used 40382K, committed 40768K, reserved 1089536K
  class space    used 5362K, committed 5504K, reserved 1048576K
}
Event: 3.116 GC heap before
{Heap before GC invocations=11 (full 0):
 garbage-first heap   total 68608K, used 28656K [0x0000000080000000, 0x0000000100000000)
  region size 1024K, 5 young (5120K), 4 survivors (4096K)
 Metaspace       used 40382K, committed 40768K, reserved 1089536K
  class space    used 5362K, committed 5504K, reserved 1048576K
}
Event: 3.119 GC heap after
{Heap after GC invocations=12 (full 0):
 garbage-first heap   total 68608K, used 27335K [0x0000000080000000, 0x0000000100000000)
  region size 1024K, 1 young (1024K), 1 survivors (1024K)
 Metaspace       used 40382K, committed 40768K, reserved 1089536K
  class space    used 5362K, committed 5504K, reserved 1048576K
}
Event: 3.420 GC heap before
{Heap before GC invocations=12 (full 0):
 garbage-first heap   total 68608K, used 52935K [0x0000000080000000, 0x0000000100000000)
  region size 1024K, 24 young (24576K), 1 survivors (1024K)
 Metaspace       used 43133K, committed 43584K, reserved 1089536K
  class space    used 5673K, committed 5888K, reserved 1048576K
}
Event: 3.423 GC heap after
{Heap after GC invocations=13 (full 0):
 garbage-first heap   total 158720K, used 29230K [0x0000000080000000, 0x0000000100000000)
  region size 1024K, 3 young (3072K), 3 survivors (3072K)
 Metaspace       used 43133K, committed 43584K, reserved 1089536K
  class space    used 5673K, committed 5888K, reserved 1048576K
}
Event: 4.521 GC heap before
{Heap before GC invocations=13 (full 0):
 garbage-first heap   total 158720K, used 110126K [0x0000000080000000, 0x0000000100000000)
  region size 1024K, 82 young (83968K), 3 survivors (3072K)
 Metaspace       used 52524K, committed 52992K, reserved 1097728K
  class space    used 7030K, committed 7232K, reserved 1048576K
}
Event: 4.527 GC heap after
{Heap after GC invocations=14 (full 0):
 garbage-first heap   total 158720K, used 34449K [0x0000000080000000, 0x0000000100000000)
  region size 1024K, 8 young (8192K), 8 survivors (8192K)
 Metaspace       used 52524K, committed 52992K, reserved 1097728K
  class space    used 7030K, committed 7232K, reserved 1048576K
}
Event: 5.402 GC heap before
{Heap before GC invocations=14 (full 0):
 garbage-first heap   total 158720K, used 120465K [0x0000000080000000, 0x0000000100000000)
  region size 1024K, 89 young (91136K), 8 survivors (8192K)
 Metaspace       used 59649K, committed 60224K, reserved 1105920K
  class space    used 7914K, committed 8192K, reserved 1048576K
}
Event: 5.409 GC heap after
{Heap after GC invocations=15 (full 0):
 garbage-first heap   total 158720K, used 44835K [0x0000000080000000, 0x0000000100000000)
  region size 1024K, 12 young (12288K), 12 survivors (12288K)
 Metaspace       used 59649K, committed 60224K, reserved 1105920K
  class space    used 7914K, committed 8192K, reserved 1048576K
}
Event: 5.432 GC heap before
{Heap before GC invocations=15 (full 0):
 garbage-first heap   total 158720K, used 45859K [0x0000000080000000, 0x0000000100000000)
  region size 1024K, 14 young (14336K), 12 survivors (12288K)
 Metaspace       used 59792K, committed 60288K, reserved 1105920K
  class space    used 7932K, committed 8192K, reserved 1048576K
}
Event: 5.437 GC heap after
{Heap after GC invocations=16 (full 0):
 garbage-first heap   total 158720K, used 47028K [0x0000000080000000, 0x0000000100000000)
  region size 1024K, 2 young (2048K), 2 survivors (2048K)
 Metaspace       used 59792K, committed 60288K, reserved 1105920K
  class space    used 7932K, committed 8192K, reserved 1048576K
}

