# JRE version: OpenJDK Runtime Environment (17.0.6) (build 17.0.6+0-b2043.56-10027231)
# Java VM: OpenJDK 64-Bit Server VM (17.0.6+0-b2043.56-10027231, mixed mode, tiered, compressed oops, compressed class ptrs, g1 gc, windows-amd64)
GC Precious Log:
 CPUs: 8 total, 8 available
 Memory: 16106M
 Large Page Support: Disabled
 NUMA Support: Disabled
 Compressed Oops: Enabled (32-bit)
 Heap Region Size: 1M
 Heap Min Capacity: 8M
 Heap Initial Capacity: 252M
 Heap Max Capacity: 2G
 Pre-touch: Disabled
 Parallel Workers: 8
 Concurrent Workers: 2
 Concurrent Refinement Workers: 8
 Periodic GC: Disabled
Heap:
 garbage-first heap   total 122880K, used 84740K [0x0000000080000000, 0x0000000100000000)
  region size 1024K, 27 young (27648K), 6 survivors (6144K)
 Metaspace       used 87906K, committed 88640K, reserved 1130496K
  class space    used 12009K, committed 12352K, reserved 1048576K
GC Heap History (20 events):
Event: 4.626 GC heap before
{Heap before GC invocations=15 (full 0):
 garbage-first heap   total 86016K, used 66174K [0x0000000080000000, 0x0000000100000000)
  region size 1024K, 27 young (27648K), 5 survivors (5120K)
 Metaspace       used 59371K, committed 59904K, reserved 1105920K
  class space    used 7881K, committed 8128K, reserved 1048576K
}
Event: 4.629 GC heap after
{Heap after GC invocations=16 (full 0):
 garbage-first heap   total 86016K, used 44826K [0x0000000080000000, 0x0000000100000000)
  region size 1024K, 1 young (1024K), 1 survivors (1024K)
 Metaspace       used 59371K, committed 59904K, reserved 1105920K
  class space    used 7881K, committed 8128K, reserved 1048576K
}
Event: 4.943 GC heap before
{Heap before GC invocations=17 (full 0):
 garbage-first heap   total 86016K, used 67354K [0x0000000080000000, 0x0000000100000000)
  region size 1024K, 23 young (23552K), 1 survivors (1024K)
 Metaspace       used 63746K, committed 64384K, reserved 1105920K
  class space    used 8486K, committed 8768K, reserved 1048576K
}
Event: 4.946 GC heap after
{Heap after GC invocations=18 (full 0):
 garbage-first heap   total 86016K, used 46768K [0x0000000080000000, 0x0000000100000000)
  region size 1024K, 3 young (3072K), 3 survivors (3072K)
 Metaspace       used 63746K, committed 64384K, reserved 1105920K
  class space    used 8486K, committed 8768K, reserved 1048576K
}
Event: 4.961 GC heap before
{Heap before GC invocations=18 (full 0):
 garbage-first heap   total 86016K, used 47792K [0x0000000080000000, 0x0000000100000000)
  region size 1024K, 5 young (5120K), 3 survivors (3072K)
 Metaspace       used 63795K, committed 64384K, reserved 1105920K
  class space    used 8492K, committed 8768K, reserved 1048576K
}
Event: 4.963 GC heap after
{Heap after GC invocations=19 (full 0):
 garbage-first heap   total 86016K, used 47140K [0x0000000080000000, 0x0000000100000000)
  region size 1024K, 1 young (1024K), 1 survivors (1024K)
 Metaspace       used 63795K, committed 64384K, reserved 1105920K
  class space    used 8492K, committed 8768K, reserved 1048576K
}
Event: 5.097 GC heap before
{Heap before GC invocations=20 (full 0):
 garbage-first heap   total 102400K, used 72740K [0x0000000080000000, 0x0000000100000000)
  region size 1024K, 20 young (20480K), 1 survivors (1024K)
 Metaspace       used 64799K, committed 65280K, reserved 1105920K
  class space    used 8625K, committed 8832K, reserved 1048576K
}
Event: 5.099 GC heap after
{Heap after GC invocations=21 (full 0):
 garbage-first heap   total 102400K, used 48959K [0x0000000080000000, 0x0000000100000000)
  region size 1024K, 3 young (3072K), 3 survivors (3072K)
 Metaspace       used 64799K, committed 65280K, reserved 1105920K
  class space    used 8625K, committed 8832K, reserved 1048576K
}
Event: 5.343 GC heap before
{Heap before GC invocations=21 (full 0):
 garbage-first heap   total 102400K, used 74559K [0x0000000080000000, 0x0000000100000000)
  region size 1024K, 29 young (29696K), 3 survivors (3072K)
 Metaspace       used 67178K, committed 67776K, reserved 1114112K
  class space    used 8921K, committed 9216K, reserved 1048576K
}
Event: 5.346 GC heap after
{Heap after GC invocations=22 (full 0):
 garbage-first heap   total 122880K, used 51003K [0x0000000080000000, 0x0000000100000000)
  region size 1024K, 3 young (3072K), 3 survivors (3072K)
 Metaspace       used 67178K, committed 67776K, reserved 1114112K
  class space    used 8921K, committed 9216K, reserved 1048576K
}
Event: 5.747 GC heap before
{Heap before GC invocations=23 (full 0):
 garbage-first heap   total 122880K, used 88891K [0x0000000080000000, 0x0000000100000000)
  region size 1024K, 40 young (40960K), 3 survivors (3072K)
 Metaspace       used 72114K, committed 72640K, reserved 1114112K
  class space    used 9593K, committed 9856K, reserved 1048576K
}
Event: 5.750 GC heap after
{Heap after GC invocations=24 (full 0):
 garbage-first heap   total 122880K, used 53477K [0x0000000080000000, 0x0000000100000000)
  region size 1024K, 5 young (5120K), 5 survivors (5120K)
 Metaspace       used 72114K, committed 72640K, reserved 1114112K
  class space    used 9593K, committed 9856K, reserved 1048576K
}
Event: 6.155 GC heap before
{Heap before GC invocations=24 (full 0):
 garbage-first heap   total 122880K, used 92389K [0x0000000080000000, 0x0000000100000000)
  region size 1024K, 42 young (43008K), 5 survivors (5120K)
 Metaspace       used 75664K, committed 76224K, reserved 1122304K
  class space    used 10138K, committed 10432K, reserved 1048576K
}
Event: 6.159 GC heap after
{Heap after GC invocations=25 (full 0):
 garbage-first heap   total 122880K, used 55191K [0x0000000080000000, 0x0000000100000000)
  region size 1024K, 5 young (5120K), 5 survivors (5120K)
 Metaspace       used 75664K, committed 76224K, reserved 1122304K
  class space    used 10138K, committed 10432K, reserved 1048576K
}
Event: 6.642 GC heap before
{Heap before GC invocations=25 (full 0):
 garbage-first heap   total 122880K, used 93079K [0x0000000080000000, 0x0000000100000000)
  region size 1024K, 42 young (43008K), 5 survivors (5120K)
 Metaspace       used 80020K, committed 80640K, reserved 1122304K
  class space    used 10882K, committed 11200K, reserved 1048576K
}
Event: 6.649 GC heap after
{Heap after GC invocations=26 (full 0):
 garbage-first heap   total 122880K, used 57928K [0x0000000080000000, 0x0000000100000000)
  region size 1024K, 5 young (5120K), 5 survivors (5120K)
 Metaspace       used 80020K, committed 80640K, reserved 1122304K
  class space    used 10882K, committed 11200K, reserved 1048576K
}
Event: 7.125 GC heap before
{Heap before GC invocations=26 (full 0):
 garbage-first heap   total 122880K, used 95816K [0x0000000080000000, 0x0000000100000000)
  region size 1024K, 42 young (43008K), 5 survivors (5120K)
 Metaspace       used 84224K, committed 84864K, reserved 1122304K
  class space    used 11547K, committed 11840K, reserved 1048576K
}
Event: 7.131 GC heap after
{Heap after GC invocations=27 (full 0):
 garbage-first heap   total 122880K, used 60380K [0x0000000080000000, 0x0000000100000000)
  region size 1024K, 6 young (6144K), 6 survivors (6144K)
 Metaspace       used 84224K, committed 84864K, reserved 1122304K
  class space    used 11547K, committed 11840K, reserved 1048576K
}
Event: 7.482 GC heap before
{Heap before GC invocations=27 (full 0):
 garbage-first heap   total 122880K, used 97244K [0x0000000080000000, 0x0000000100000000)
  region size 1024K, 42 young (43008K), 6 survivors (6144K)
 Metaspace       used 87751K, committed 88384K, reserved 1130496K
  class space    used 11997K, committed 12288K, reserved 1048576K
}
Event: 7.488 GC heap after
{Heap after GC invocations=28 (full 0):
 garbage-first heap   total 122880K, used 64260K [0x0000000080000000, 0x0000000100000000)
  region size 1024K, 6 young (6144K), 6 survivors (6144K)
 Metaspace       used 87751K, committed 88384K, reserved 1130496K
  class space    used 11997K, committed 12288K, reserved 1048576K
}

