# JRE version: OpenJDK Runtime Environment (17.0.6) (build 17.0.6+0-b2043.56-10027231)
# Java VM: OpenJDK 64-Bit Server VM (17.0.6+0-b2043.56-10027231, mixed mode, tiered, compressed oops, compressed class ptrs, g1 gc, windows-amd64)
GC Precious Log:
 CPUs: 8 total, 8 available
 Memory: 16106M
 Large Page Support: Disabled
 NUMA Support: Disabled
 Compressed Oops: Enabled (32-bit)
 Heap Region Size: 1M
 Heap Min Capacity: 8M
 Heap Initial Capacity: 252M
 Heap Max Capacity: 2G
 Pre-touch: Disabled
 Parallel Workers: 8
 Concurrent Workers: 2
 Concurrent Refinement Workers: 8
 Periodic GC: Disabled
Heap:
 garbage-first heap   total 258048K, used 56167K [0x0000000080000000, 0x0000000100000000)
  region size 1024K, 2 young (2048K), 2 survivors (2048K)
 Metaspace       used 74085K, committed 74624K, reserved 1114112K
  class space    used 9854K, committed 10112K, reserved 1048576K
GC Heap History (20 events):
Event: 7.063 GC heap after
{Heap after GC invocations=14 (full 0):
 garbage-first heap   total 83968K, used 35744K [0x0000000080000000, 0x0000000100000000)
  region size 1024K, 3 young (3072K), 3 survivors (3072K)
 Metaspace       used 52754K, committed 53248K, reserved 1097728K
  class space    used 7068K, committed 7296K, reserved 1048576K
}
Event: 7.709 GC heap before
{Heap before GC invocations=15 (full 0):
 garbage-first heap   total 83968K, used 68512K [0x0000000080000000, 0x0000000100000000)
  region size 1024K, 32 young (32768K), 3 survivors (3072K)
 Metaspace       used 54128K, committed 54656K, reserved 1097728K
  class space    used 7220K, committed 7424K, reserved 1048576K
}
Event: 7.714 GC heap after
{Heap after GC invocations=16 (full 0):
 garbage-first heap   total 83968K, used 44888K [0x0000000080000000, 0x0000000100000000)
  region size 1024K, 4 young (4096K), 4 survivors (4096K)
 Metaspace       used 54128K, committed 54656K, reserved 1097728K
  class space    used 7220K, committed 7424K, reserved 1048576K
}
Event: 8.146 GC heap before
{Heap before GC invocations=16 (full 0):
 garbage-first heap   total 83968K, used 64344K [0x0000000080000000, 0x0000000100000000)
  region size 1024K, 24 young (24576K), 4 survivors (4096K)
 Metaspace       used 56831K, committed 57280K, reserved 1105920K
  class space    used 7608K, committed 7808K, reserved 1048576K
}
Event: 8.149 GC heap after
{Heap after GC invocations=17 (full 0):
 garbage-first heap   total 83968K, used 46367K [0x0000000080000000, 0x0000000100000000)
  region size 1024K, 1 young (1024K), 1 survivors (1024K)
 Metaspace       used 56831K, committed 57280K, reserved 1105920K
  class space    used 7608K, committed 7808K, reserved 1048576K
}
Event: 8.522 GC heap before
{Heap before GC invocations=18 (full 0):
 garbage-first heap   total 83968K, used 65823K [0x0000000080000000, 0x0000000100000000)
  region size 1024K, 20 young (20480K), 1 survivors (1024K)
 Metaspace       used 59921K, committed 60416K, reserved 1105920K
  class space    used 7973K, committed 8192K, reserved 1048576K
}
Event: 8.524 GC heap after
{Heap after GC invocations=19 (full 0):
 garbage-first heap   total 83968K, used 46994K [0x0000000080000000, 0x0000000100000000)
  region size 1024K, 2 young (2048K), 2 survivors (2048K)
 Metaspace       used 59921K, committed 60416K, reserved 1105920K
  class space    used 7973K, committed 8192K, reserved 1048576K
}
Event: 8.961 GC heap before
{Heap before GC invocations=19 (full 0):
 garbage-first heap   total 83968K, used 64402K [0x0000000080000000, 0x0000000100000000)
  region size 1024K, 20 young (20480K), 2 survivors (2048K)
 Metaspace       used 63830K, committed 64384K, reserved 1105920K
  class space    used 8483K, committed 8704K, reserved 1048576K
}
Event: 8.980 GC heap after
{Heap after GC invocations=20 (full 0):
 garbage-first heap   total 83968K, used 48971K [0x0000000080000000, 0x0000000100000000)
  region size 1024K, 3 young (3072K), 3 survivors (3072K)
 Metaspace       used 63830K, committed 64384K, reserved 1105920K
  class space    used 8483K, committed 8704K, reserved 1048576K
}
Event: 9.162 GC heap before
{Heap before GC invocations=21 (full 0):
 garbage-first heap   total 112640K, used 73547K [0x0000000080000000, 0x0000000100000000)
  region size 1024K, 21 young (21504K), 3 survivors (3072K)
 Metaspace       used 64640K, committed 65152K, reserved 1105920K
  class space    used 8605K, committed 8832K, reserved 1048576K
}
Event: 9.166 GC heap after
{Heap after GC invocations=22 (full 0):
 garbage-first heap   total 112640K, used 51103K [0x0000000080000000, 0x0000000100000000)
  region size 1024K, 3 young (3072K), 3 survivors (3072K)
 Metaspace       used 64640K, committed 65152K, reserved 1105920K
  class space    used 8605K, committed 8832K, reserved 1048576K
}
Event: 9.198 GC heap before
{Heap before GC invocations=22 (full 0):
 garbage-first heap   total 112640K, used 53151K [0x0000000080000000, 0x0000000100000000)
  region size 1024K, 5 young (5120K), 3 survivors (3072K)
 Metaspace       used 64895K, committed 65344K, reserved 1105920K
  class space    used 8626K, committed 8832K, reserved 1048576K
}
Event: 9.252 GC heap after
{Heap after GC invocations=23 (full 0):
 garbage-first heap   total 112640K, used 51239K [0x0000000080000000, 0x0000000100000000)
  region size 1024K, 1 young (1024K), 1 survivors (1024K)
 Metaspace       used 64895K, committed 65344K, reserved 1105920K
  class space    used 8626K, committed 8832K, reserved 1048576K
}
Event: 9.668 GC heap before
{Heap before GC invocations=23 (full 0):
 garbage-first heap   total 112640K, used 82983K [0x0000000080000000, 0x0000000100000000)
  region size 1024K, 32 young (32768K), 1 survivors (1024K)
 Metaspace       used 68014K, committed 68544K, reserved 1114112K
  class space    used 9036K, committed 9280K, reserved 1048576K
}
Event: 9.683 GC heap after
{Heap after GC invocations=24 (full 0):
 garbage-first heap   total 112640K, used 52942K [0x0000000080000000, 0x0000000100000000)
  region size 1024K, 3 young (3072K), 3 survivors (3072K)
 Metaspace       used 68014K, committed 68544K, reserved 1114112K
  class space    used 9036K, committed 9280K, reserved 1048576K
}
Event: 10.084 GC heap before
{Heap before GC invocations=25 (full 0):
 garbage-first heap   total 112640K, used 84686K [0x0000000080000000, 0x0000000100000000)
  region size 1024K, 34 young (34816K), 3 survivors (3072K)
 Metaspace       used 72102K, committed 72640K, reserved 1114112K
  class space    used 9584K, committed 9856K, reserved 1048576K
}
Event: 10.087 GC heap after
{Heap after GC invocations=26 (full 0):
 garbage-first heap   total 112640K, used 55382K [0x0000000080000000, 0x0000000100000000)
  region size 1024K, 5 young (5120K), 5 survivors (5120K)
 Metaspace       used 72102K, committed 72640K, reserved 1114112K
  class space    used 9584K, committed 9856K, reserved 1048576K
}
Event: 10.094 GC heap before
{Heap before GC invocations=26 (full 0):
 garbage-first heap   total 112640K, used 56406K [0x0000000080000000, 0x0000000100000000)
  region size 1024K, 6 young (6144K), 5 survivors (5120K)
 Metaspace       used 72106K, committed 72640K, reserved 1114112K
  class space    used 9584K, committed 9856K, reserved 1048576K
}
Event: 10.096 GC heap after
{Heap after GC invocations=27 (full 0):
 garbage-first heap   total 112640K, used 55402K [0x0000000080000000, 0x0000000100000000)
  region size 1024K, 1 young (1024K), 1 survivors (1024K)
 Metaspace       used 72106K, committed 72640K, reserved 1114112K
  class space    used 9584K, committed 9856K, reserved 1048576K
}
Event: 10.312 GC heap before
{Heap before GC invocations=27 (full 0):
 garbage-first heap   total 112640K, used 77930K [0x0000000080000000, 0x0000000100000000)
  region size 1024K, 25 young (25600K), 1 survivors (1024K)
 Metaspace       used 74085K, committed 74624K, reserved 1114112K
  class space    used 9854K, committed 10112K, reserved 1048576K
}

